<?xml version="1.0" encoding="utf-8"?><testsuites name="pytest tests"><testsuite name="pytest" errors="0" failures="0" skipped="11" tests="201" time="13.896" timestamp="2026-09-18T12:05:56.903716-05:00" hostname="ammslab3-Precision-5820-Tower"><testcase classname="tests.contract.test_a_fixture_is_refused_at_the_wrong_fingerprint" name="test_a_matching_fingerprint_is_the_only_pass" time="0.001" /><testcase classname="tests.contract.test_a_fixture_is_refused_at_the_wrong_fingerprint" name="test_a_fixture_with_no_fingerprint_is_not_current_by_default" time="0.000" /><testcase classname="tests.contract.test_a_fixture_is_refused_at_the_wrong_fingerprint" name="test_require_current_refuses_not_established_as_well_as_stale" time="0.000" /><testcase classname="tests.contract.test_a_fixture_is_refused_at_the_wrong_fingerprint" name="test_the_generation_file_is_the_single_source_of_the_fingerprint" time="0.000" /><testcase classname="tests.contract.test_a_fixture_is_refused_at_the_wrong_fingerprint" name="test_some_fixtures_are_committed" time="0.001" /><testcase classname="tests.contract.test_a_fixture_is_refused_at_the_wrong_fingerprint" name="test_current_operational_fixtures_carry_independent_verification" time="0.087" /><testcase classname="tests.contract.test_a_fixture_is_refused_at_the_wrong_fingerprint" name="test_historical_archive_preserves_every_original_inventory_hash" time="0.004" /><testcase classname="tests.contract.test_a_fixture_is_refused_at_the_wrong_fingerprint" name="test_current_fixture_cli_uses_default_currency_and_real_references[isotropic-elasticity--f7eb90376a.json-1-2]" time="0.470" /><testcase classname="tests.contract.test_a_fixture_is_refused_at_the_wrong_fingerprint" name="test_current_fixture_cli_uses_default_currency_and_real_references[j2_props--2feae9f158.json-32-3]" time="1.838" /><testcase classname="tests.contract.test_a_fixture_is_refused_at_the_wrong_fingerprint" name="test_retired_pass12_fixtures_are_history_not_current_baselines" time="0.022" /><testcase classname="tests.contract.test_a_fixture_is_refused_at_the_wrong_fingerprint" name="test_a_two_x_fixture_validates_and_a_one_x_one_says_why_it_does_not" time="0.126" /><testcase classname="tests.contract.test_a_fixture_is_refused_at_the_wrong_fingerprint" name="test_every_committed_fixture_is_identified_by_path_and_digest" time="0.007" /><testcase classname="tests.contract.test_a_fixture_is_refused_at_the_wrong_fingerprint" name="test_every_committed_fixture_declares_the_transform_it_was_frozen_at" time="0.007" /><testcase classname="tests.contract.test_a_fixture_is_refused_at_the_wrong_fingerprint" name="test_every_committed_fixture_is_either_current_or_refused_by_name" time="0.007" /><testcase classname="tests.contract.test_a_fixture_is_refused_at_the_wrong_fingerprint" name="test_a_superseded_fixture_is_refused_even_when_everything_else_is_fine" time="0.001" /><testcase classname="tests.contract.test_a_fixture_is_refused_at_the_wrong_fingerprint" name="test_a_superseded_fixture_is_still_readable_as_history" time="0.006" /><testcase classname="tests.contract.test_a_fixture_is_refused_at_the_wrong_fingerprint" name="test_a_fixture_carrying_a_different_fingerprint_from_its_own_store_is_refused" time="0.001" /><testcase classname="tests.contract.test_a_fixture_is_refused_at_the_wrong_fingerprint" name="test_a_fixture_with_no_fingerprint_field_at_all_fails_the_schema" time="0.008" /><testcase classname="tests.contract.test_a_fixture_is_refused_at_the_wrong_fingerprint" name="test_a_fixture_identified_by_a_basename_fails_the_schema" time="0.007" /><testcase classname="tests.contract.test_a_fixture_is_refused_at_the_wrong_fingerprint" name="test_a_material_in_a_fixture_never_travels_without_provenance" time="0.080" /><testcase classname="tests.contract.test_a_fixture_is_refused_at_the_wrong_fingerprint" name="test_the_tensor_convention_is_stated_in_every_fixture" time="0.004" /><testcase classname="tests.contract.test_a_null_gate_is_never_a_pass" name="test_the_reader_refuses_to_be_used_as_a_boolean" time="0.000" /><testcase classname="tests.contract.test_a_null_gate_is_never_a_pass" name="test_a_missing_gate_and_a_null_gate_are_the_same_answer" time="0.000" /><testcase classname="tests.contract.test_a_null_gate_is_never_a_pass" name="test_a_record_with_no_evidence_block_is_not_a_verified_record" time="0.000" /><testcase classname="tests.contract.test_a_null_gate_is_never_a_pass" name="test_one_unmeasured_gate_is_enough_to_withhold_the_verdict" time="0.000" /><testcase classname="tests.contract.test_a_null_gate_is_never_a_pass" name="test_a_measured_failure_and_an_unmeasured_gate_are_different_answers" time="0.000" /><testcase classname="tests.contract.test_a_null_gate_is_never_a_pass" name="test_there_are_six_gates_and_the_seventh_is_not_one_of_them" time="0.000" /><testcase classname="tests.contract.test_a_null_gate_is_never_a_pass" name="test_an_unexplained_disagreement_is_never_a_verification" time="0.000" /><testcase classname="tests.contract.test_a_null_gate_is_never_a_pass" name="test_a_disagreement_a_control_explained_is_a_chain_not_a_contradiction" time="0.000" /><testcase classname="tests.contract.test_a_null_gate_is_never_a_pass" name="test_a_control_that_ran_and_explained_nothing_is_a_refusal" time="0.000" /><testcase classname="tests.contract.test_a_null_gate_is_never_a_pass" name="test_a_truthy_string_cannot_reach_a_gate" time="0.000" /><testcase classname="tests.contract.test_a_null_gate_is_never_a_pass" name="test_an_evidence_block_that_is_not_an_object_is_refused" time="0.000" /><testcase classname="tests.contract.test_a_null_gate_is_never_a_pass" name="test_the_conjunction_keeps_the_third_state" time="0.000" /><testcase classname="tests.contract.test_a_null_gate_is_never_a_pass" name="test_an_entry_with_no_tensor_convention_cannot_be_assembled" time="0.000" /><testcase classname="tests.contract.test_a_null_gate_is_never_a_pass" name="test_a_frozen_fixture_may_not_carry_a_false_primal_with_no_explanation" time="0.005" /><testcase classname="tests.contract.test_a_null_gate_is_never_a_pass" name="test_no_committed_fixture_hides_a_gate_behind_a_truthy_value" time="0.005" /><testcase classname="tests.contract.test_a_null_gate_is_never_a_pass" name="test_the_reason_names_the_primal_chain_and_not_just_the_raw_gate" time="0.000" /><testcase classname="tests.contract.test_a_row_is_named_by_five_fields" name="test_the_identity_is_five_fields" time="0.000" /><testcase classname="tests.contract.test_a_row_is_named_by_five_fields" name="test_a_row_missing_any_one_is_refused_by_name" time="0.000" /><testcase classname="tests.contract.test_a_row_is_named_by_five_fields" name="test_four_increment_ones_are_four_different_rows" time="0.000" /><testcase classname="tests.contract.test_a_row_is_named_by_five_fields" name="test_a_point_is_not_an_increment" time="0.000" /><testcase classname="tests.contract.test_a_row_is_named_by_five_fields" name="test_a_c3d8_history_is_more_records_than_increments" time="0.001" /><testcase classname="tests.contract.test_a_row_is_named_by_five_fields" name="test_counts_that_contradict_each_other_are_refused" time="0.000" /><testcase classname="tests.contract.test_a_row_is_named_by_five_fields" name="test_the_five_counts_are_named" time="0.000" /><testcase classname="tests.contract.test_a_row_is_named_by_five_fields" name="test_a_committed_five_field_fixture_shows_the_collision" time="0.003" /><testcase classname="tests.contract.test_a_row_is_named_by_five_fields" name="test_a_committed_fixtures_counts_agree_with_its_own_rows" time="0.005" /><testcase classname="tests.contract.test_a_row_is_named_by_five_fields" name="test_a_one_x_fixture_is_refused_for_the_loading_and_kept_for_its_numbers" time="0.004" /><testcase classname="tests.contract.test_a_row_is_named_by_five_fields" name="test_this_repository_does_not_reimplement_the_identity_rule" time="0.000" /><testcase classname="tests.contract.test_an_envelope_is_not_a_verdict" name="test_the_two_facts_have_different_names" time="0.000" /><testcase classname="tests.contract.test_an_envelope_is_not_a_verdict" name="test_ok_is_never_read_as_a_verdict" time="0.000" /><testcase classname="tests.contract.test_an_envelope_is_not_a_verdict" name="test_the_refusal_names_the_damage_it_prevents" time="0.000" /><testcase classname="tests.contract.test_an_envelope_is_not_a_verdict" name="test_a_payload_with_no_verdict_raises_rather_than_shrugging" time="0.000" /><testcase classname="tests.contract.test_an_envelope_is_not_a_verdict" name="test_a_stated_verdict_is_read_three_state" time="0.000" /><testcase classname="tests.contract.test_an_envelope_is_not_a_verdict" name="test_a_verdict_cannot_be_used_as_a_condition" time="0.000" /><testcase classname="tests.contract.test_an_envelope_is_not_a_verdict" name="test_the_schema_refuses_an_envelope_carrying_ok" time="0.002" /><testcase classname="tests.contract.test_an_envelope_is_not_a_verdict" name="test_a_call_that_succeeded_is_not_an_entry_this_repository_may_use" time="0.000" /><testcase classname="tests.contract.test_an_envelope_is_not_a_verdict" name="test_every_committed_fixture_states_a_verdict_rather_than_a_call" time="0.005" /><testcase classname="tests.contract.test_an_internal_limitation_is_not_an_external_blocker" name="test_the_three_owners_are_distinct_and_nothing_is_in_two" time="0.000" /><testcase classname="tests.contract.test_an_internal_limitation_is_not_an_external_blocker" name="test_the_two_states_added_after_the_default_did_damage_are_known_here" time="0.000" /><testcase classname="tests.contract.test_an_internal_limitation_is_not_an_external_blocker" name="test_a_state_with_no_owner_is_refused_rather_than_defaulted" time="0.000" /><testcase classname="tests.contract.test_an_internal_limitation_is_not_an_external_blocker" name="test_a_pause_waiting_on_terminal_input_belongs_to_the_author" time="0.000" /><testcase classname="tests.contract.test_an_internal_limitation_is_not_an_external_blocker" name="test_a_transform_refusal_is_this_projects_work_and_not_the_authors" time="0.000" /><testcase classname="tests.contract.test_an_internal_limitation_is_not_an_external_blocker" name="test_a_published_stub_is_external_and_its_own_state" time="0.000" /><testcase classname="tests.contract.test_an_internal_limitation_is_not_an_external_blocker" name="test_the_schema_refuses_a_state_declared_with_the_wrong_owner" time="0.003" /><testcase classname="tests.contract.test_an_internal_limitation_is_not_an_external_blocker" name="test_only_a_fully_verified_entry_may_drive_the_assembler" time="0.000" /><testcase classname="tests.contract.test_both_readers_agree_on_the_real_store" name="test_the_two_repositories_speak_the_same_version" time="0.105"><skipped type="pytest.skip" message="the frozen store (corpus_run/pass11/results/store_verification.jsonl) is not on this machine, so the two readers were NOT COMPARED on real records">/home/ammslab3/softwarex_work/imq-ra-recovery/tests/contract/test_both_readers_agree_on_the_real_store.py:93: the frozen store (corpus_run/pass11/results/store_verification.jsonl) is not on this machine, so the two readers were NOT COMPARED on real records</skipped></testcase><testcase classname="tests.contract.test_both_readers_agree_on_the_real_store" name="test_the_two_readers_name_the_same_six_gates" time="0.000"><skipped type="pytest.skip" message="the frozen store (corpus_run/pass11/results/store_verification.jsonl) is not on this machine, so the two readers were NOT COMPARED on real records">/home/ammslab3/softwarex_work/imq-ra-recovery/tests/contract/test_both_readers_agree_on_the_real_store.py:102: the frozen store (corpus_run/pass11/results/store_verification.jsonl) is not on this machine, so the two readers were NOT COMPARED on real records</skipped></testcase><testcase classname="tests.contract.test_both_readers_agree_on_the_real_store" name="test_the_store_row_is_not_the_contract_and_the_producer_adapts_it" time="0.000"><skipped type="pytest.skip" message="the frozen store (corpus_run/pass11/results/store_verification.jsonl) is not on this machine, so the two readers were NOT COMPARED on real records">/home/ammslab3/softwarex_work/imq-ra-recovery/tests/contract/test_both_readers_agree_on_the_real_store.py:109: the frozen store (corpus_run/pass11/results/store_verification.jsonl) is not on this machine, so the two readers were NOT COMPARED on real records</skipped></testcase><testcase classname="tests.contract.test_both_readers_agree_on_the_real_store" name="test_the_two_readers_agree_about_every_gate_in_every_record" time="0.000"><skipped type="pytest.skip" message="the frozen store (corpus_run/pass11/results/store_verification.jsonl) is not on this machine, so the two readers were NOT COMPARED on real records">/home/ammslab3/softwarex_work/imq-ra-recovery/tests/contract/test_both_readers_agree_on_the_real_store.py:136: the frozen store (corpus_run/pass11/results/store_verification.jsonl) is not on this machine, so the two readers were NOT COMPARED on real records</skipped></testcase><testcase classname="tests.contract.test_both_readers_agree_on_the_real_store" name="test_the_two_readers_agree_about_the_settled_primal" time="0.000"><skipped type="pytest.skip" message="the frozen store (corpus_run/pass11/results/store_verification.jsonl) is not on this machine, so the two readers were NOT COMPARED on real records">/home/ammslab3/softwarex_work/imq-ra-recovery/tests/contract/test_both_readers_agree_on_the_real_store.py:156: the frozen store (corpus_run/pass11/results/store_verification.jsonl) is not on this machine, so the two readers were NOT COMPARED on real records</skipped></testcase><testcase classname="tests.contract.test_both_readers_agree_on_the_real_store" name="test_the_two_readers_agree_about_every_identity" time="0.000"><skipped type="pytest.skip" message="the frozen store (corpus_run/pass11/results/store_verification.jsonl) is not on this machine, so the two readers were NOT COMPARED on real records">/home/ammslab3/softwarex_work/imq-ra-recovery/tests/contract/test_both_readers_agree_on_the_real_store.py:166: the frozen store (corpus_run/pass11/results/store_verification.jsonl) is not on this machine, so the two readers were NOT COMPARED on real records</skipped></testcase><testcase classname="tests.contract.test_both_readers_agree_on_the_real_store" name="test_the_two_readers_agree_about_every_terminal_state_and_owner" time="0.000"><skipped type="pytest.skip" message="the frozen store (corpus_run/pass11/results/store_verification.jsonl) is not on this machine, so the two readers were NOT COMPARED on real records">/home/ammslab3/softwarex_work/imq-ra-recovery/tests/contract/test_both_readers_agree_on_the_real_store.py:182: the frozen store (corpus_run/pass11/results/store_verification.jsonl) is not on this machine, so the two readers were NOT COMPARED on real records</skipped></testcase><testcase classname="tests.contract.test_both_readers_agree_on_the_real_store" name="test_a_stage_nobody_mapped_is_refused_and_never_becomes_not_attempted" time="0.000"><skipped type="pytest.skip" message="the frozen store (corpus_run/pass11/results/store_verification.jsonl) is not on this machine, so the two readers were NOT COMPARED on real records">/home/ammslab3/softwarex_work/imq-ra-recovery/tests/contract/test_both_readers_agree_on_the_real_store.py:198: the frozen store (corpus_run/pass11/results/store_verification.jsonl) is not on this machine, so the two readers were NOT COMPARED on real records</skipped></testcase><testcase classname="tests.contract.test_both_readers_agree_on_the_real_store" name="test_the_two_readers_agree_about_the_whole_terminal_vocabulary" time="0.000"><skipped type="pytest.skip" message="the frozen store (corpus_run/pass11/results/store_verification.jsonl) is not on this machine, so the two readers were NOT COMPARED on real records">/home/ammslab3/softwarex_work/imq-ra-recovery/tests/contract/test_both_readers_agree_on_the_real_store.py:238: the frozen store (corpus_run/pass11/results/store_verification.jsonl) is not on this machine, so the two readers were NOT COMPARED on real records</skipped></testcase><testcase classname="tests.contract.test_both_readers_agree_on_the_real_store" name="test_the_two_readers_agree_about_which_entries_may_drive_the_assembler" time="0.000"><skipped type="pytest.skip" message="the frozen store (corpus_run/pass11/results/store_verification.jsonl) is not on this machine, so the two readers were NOT COMPARED on real records">/home/ammslab3/softwarex_work/imq-ra-recovery/tests/contract/test_both_readers_agree_on_the_real_store.py:248: the frozen store (corpus_run/pass11/results/store_verification.jsonl) is not on this machine, so the two readers were NOT COMPARED on real records</skipped></testcase><testcase classname="tests.contract.test_both_readers_agree_on_the_real_store" name="test_no_record_is_usable_without_all_six_gates_settled" time="0.000"><skipped type="pytest.skip" message="the frozen store (corpus_run/pass11/results/store_verification.jsonl) is not on this machine, so the two readers were NOT COMPARED on real records">/home/ammslab3/softwarex_work/imq-ra-recovery/tests/contract/test_both_readers_agree_on_the_real_store.py:270: the frozen store (corpus_run/pass11/results/store_verification.jsonl) is not on this machine, so the two readers were NOT COMPARED on real records</skipped></testcase><testcase classname="tests.contract.test_the_assemblers_inputs_are_named_by_the_contract" name="test_the_schema_requires_every_input_the_assembler_needs" time="0.000" /><testcase classname="tests.contract.test_the_assemblers_inputs_are_named_by_the_contract" name="test_every_committed_fixture_supplies_every_input" time="0.005" /><testcase classname="tests.contract.test_the_assemblers_inputs_are_named_by_the_contract" name="test_the_row_identity_is_five_fields_wherever_a_fixture_carries_them" time="0.005" /><testcase classname="tests.contract.test_the_assemblers_inputs_are_named_by_the_contract" name="test_records_and_increments_are_reported_apart" time="0.005" /><testcase classname="tests.contract.test_the_assemblers_inputs_are_named_by_the_contract" name="test_the_two_histories_are_the_same_length_and_the_same_increments" time="0.005" /><testcase classname="tests.contract.test_the_assemblers_inputs_are_named_by_the_contract" name="test_every_array_is_sized_by_the_declared_ntens" time="0.004" /><testcase classname="tests.contract.test_the_assemblers_inputs_are_named_by_the_contract" name="test_every_number_in_every_carried_array_is_a_number" time="0.005" /><testcase classname="tests.contract.test_the_assemblers_inputs_are_named_by_the_contract" name="test_the_state_array_matches_the_declared_state_count" time="0.004" /><testcase classname="tests.contract.test_the_assemblers_inputs_are_named_by_the_contract" name="test_the_props_vector_matches_its_declared_constant_count" time="0.004" /><testcase classname="tests.contract.test_the_assemblers_inputs_are_named_by_the_contract" name="test_a_fixture_alone_does_not_make_an_entry_usable" time="0.005" /><testcase classname="tests.contract.test_the_two_repositories_speak_one_contract" name="test_this_repository_states_which_contract_it_speaks" time="0.000" /><testcase classname="tests.contract.test_the_two_repositories_speak_one_contract" name="test_every_shared_schema_declares_the_version_this_repository_speaks" time="0.001" /><testcase classname="tests.contract.test_the_two_repositories_speak_one_contract" name="test_the_lock_matches_the_files_in_this_repository" time="0.001" /><testcase classname="tests.contract.test_the_two_repositories_speak_one_contract" name="test_the_lock_covers_the_three_state_reader_as_well_as_the_schemas" time="0.000" /><testcase classname="tests.contract.test_the_two_repositories_speak_one_contract" name="test_this_repository_does_not_reimplement_the_three_state_reader" time="0.000" /><testcase classname="tests.contract.test_the_two_repositories_speak_one_contract" name="test_a_major_version_mismatch_is_refused_with_a_readable_message" time="0.000" /><testcase classname="tests.contract.test_the_two_repositories_speak_one_contract" name="test_a_record_with_no_version_is_refused_rather_than_assumed_current" time="0.000" /><testcase classname="tests.contract.test_the_two_repositories_speak_one_contract" name="test_a_one_x_producer_is_refused_by_this_two_x_consumer" time="0.000" /><testcase classname="tests.contract.test_the_two_repositories_speak_one_contract" name="test_the_same_version_needs_no_caveat" time="0.000" /><testcase classname="tests.contract.test_the_two_repositories_speak_one_contract" name="test_the_shared_files_are_byte_identical_to_the_producing_repository" time="0.001" /><testcase classname="tests.contract.test_the_two_repositories_speak_one_contract" name="test_both_repositories_record_the_same_lock" time="0.000" /><testcase classname="tests.contract.test_the_two_repositories_speak_one_contract" name="test_the_breaking_change_policy_is_written_down" time="0.001" /><testcase classname="tests.framework.test_a_fixture_is_held_to_the_rule_that_froze_it" name="test_every_committed_fixture_still_loads" time="0.011" /><testcase classname="tests.framework.test_a_fixture_is_held_to_the_rule_that_froze_it" name="test_every_committed_fixture_now_carries_every_claim" time="0.011" /><testcase classname="tests.framework.test_a_fixture_is_held_to_the_rule_that_froze_it" name="test_a_claim_a_fixture_does_not_carry_is_named_rather_than_assumed" time="0.002" /><testcase classname="tests.framework.test_a_fixture_is_held_to_the_rule_that_froze_it" name="test_a_fixture_carrying_every_claim_reports_none_missing" time="0.002" /><testcase classname="tests.framework.test_a_fixture_is_held_to_the_rule_that_froze_it" name="test_a_window_shorter_than_the_export_asked_for_is_refused" time="0.002" /><testcase classname="tests.framework.test_a_fixture_is_held_to_the_rule_that_froze_it" name="test_a_fixture_frozen_before_the_counts_were_separated_is_still_held" time="0.002" /><testcase classname="tests.framework.test_a_fixture_is_held_to_the_rule_that_froze_it" name="test_a_window_of_exactly_what_was_asked_for_is_not_refused" time="0.003" /><testcase classname="tests.framework.test_a_fixture_is_held_to_the_rule_that_froze_it" name="test_a_fixture_that_does_not_state_what_was_asked_for_is_not_refused" time="0.002" /><testcase classname="tests.framework.test_a_fixture_is_held_to_the_rule_that_froze_it" name="test_a_run_that_went_non_finite_outside_the_window_is_refused" time="0.002" /><testcase classname="tests.framework.test_a_fixture_is_held_to_the_rule_that_froze_it" name="test_a_non_finite_tangent_outside_the_window_is_refused_the_same_way" time="0.002" /><testcase classname="tests.framework.test_a_fixture_is_held_to_the_rule_that_froze_it" name="test_a_clean_whole_history_scan_is_not_refused" time="0.002" /><testcase classname="tests.framework.test_a_fixture_is_held_to_the_rule_that_froze_it" name="test_a_nan_among_the_carried_numbers_is_still_refused" time="0.002" /><testcase classname="tests.framework.test_a_fixture_is_held_to_the_rule_that_froze_it" name="test_a_run_that_was_not_finite_end_to_end_is_still_refused" time="0.002" /><testcase classname="tests.framework.test_a_fixture_is_held_to_the_rule_that_froze_it" name="test_a_gate_that_was_never_measured_is_not_taken_as_passed" time="0.002" /><testcase classname="tests.framework.test_a_step_is_not_decoration" name="test_the_deck_carries_four_steps_and_each_says_how_long_it_takes" time="0.012" /><testcase classname="tests.framework.test_a_step_is_not_decoration" name="test_every_boundary_knows_which_step_wrote_it" time="0.012" /><testcase classname="tests.framework.test_a_step_is_not_decoration" name="test_a_step_with_op_new_replaces_what_came_before_it" time="0.012" /><testcase classname="tests.framework.test_a_step_is_not_decoration" name="test_reading_the_steps_flat_gives_the_first_step_the_last_steps_motion" time="0.012" /><testcase classname="tests.framework.test_a_step_is_not_decoration" name="test_conditions_written_before_any_step_are_initial_and_survive_mod" time="0.001" /><testcase classname="tests.framework.test_a_step_is_not_decoration" name="test_a_step_whose_increment_count_is_not_fixed_says_so" time="0.001" /><testcase classname="tests.framework.test_a_step_is_not_decoration" name="test_nlgeom_is_read_the_way_abaqus_reads_it" time="0.001" /><testcase classname="tests.framework.test_a_verified_deck_drives_the_global_assembly" name="test_the_strain_reconstructed_from_the_deck_is_the_strain_abaqus_recorded[compresibleneohookean]" time="0.038" /><testcase classname="tests.framework.test_a_verified_deck_drives_the_global_assembly" name="test_the_strain_reconstructed_from_the_deck_is_the_strain_abaqus_recorded[isotropic-elasticity]" time="0.004" /><testcase classname="tests.framework.test_a_verified_deck_drives_the_global_assembly" name="test_the_strain_reconstructed_from_the_deck_is_the_strain_abaqus_recorded[j2_props]" time="0.018" /><testcase classname="tests.framework.test_a_verified_deck_drives_the_global_assembly" name="test_the_strain_reconstructed_from_the_deck_is_the_strain_abaqus_recorded[neohookean_umat]" time="0.037" /><testcase classname="tests.framework.test_a_verified_deck_drives_the_global_assembly" name="test_the_strain_reconstructed_from_the_deck_is_the_strain_abaqus_recorded[umat]" time="0.004" /><testcase classname="tests.framework.test_a_verified_deck_drives_the_global_assembly" name="test_the_strain_reconstructed_from_the_deck_is_the_strain_abaqus_recorded[umat_biofilm_visco_phase2]" time="0.037" /><testcase classname="tests.framework.test_a_verified_deck_drives_the_global_assembly" name="test_the_strain_reconstructed_from_the_deck_is_the_strain_abaqus_recorded[umat_elastic]" time="0.021" /><testcase classname="tests.framework.test_a_verified_deck_drives_the_global_assembly" name="test_the_strain_reconstructed_from_the_deck_is_the_strain_abaqus_recorded[umat_iso_stretch]" time="0.038" /><testcase classname="tests.framework.test_a_verified_deck_drives_the_global_assembly" name="test_the_kinematic_reading_is_read_off_the_step_and_not_assumed" time="0.092" /><testcase classname="tests.framework.test_a_verified_deck_drives_the_global_assembly" name="test_the_global_stiffness_is_the_derivative_of_the_global_residual[compresibleneohookean]" time="0.509" /><testcase classname="tests.framework.test_a_verified_deck_drives_the_global_assembly" name="test_the_global_stiffness_is_the_derivative_of_the_global_residual[isotropic-elasticity]" time="0.502" /><testcase classname="tests.framework.test_a_verified_deck_drives_the_global_assembly" name="test_the_global_stiffness_is_the_derivative_of_the_global_residual[j2_props]" time="0.499" /><testcase classname="tests.framework.test_a_verified_deck_drives_the_global_assembly" name="test_the_global_stiffness_is_the_derivative_of_the_global_residual[neohookean_umat]" time="0.498" /><testcase classname="tests.framework.test_a_verified_deck_drives_the_global_assembly" name="test_the_global_stiffness_is_the_derivative_of_the_global_residual[umat]" time="0.498" /><testcase classname="tests.framework.test_a_verified_deck_drives_the_global_assembly" name="test_the_global_stiffness_is_the_derivative_of_the_global_residual[umat_biofilm_visco_phase2]" time="0.499" /><testcase classname="tests.framework.test_a_verified_deck_drives_the_global_assembly" name="test_the_global_stiffness_is_the_derivative_of_the_global_residual[umat_elastic]" time="0.531" /><testcase classname="tests.framework.test_a_verified_deck_drives_the_global_assembly" name="test_the_global_stiffness_is_the_derivative_of_the_global_residual[umat_iso_stretch]" time="0.502" /><testcase classname="tests.framework.test_a_verified_deck_drives_the_global_assembly" name="test_the_shear_step_of_the_deck_is_read_as_engineering_shear[compresibleneohookean]" time="0.002" /><testcase classname="tests.framework.test_a_verified_deck_drives_the_global_assembly" name="test_the_shear_step_of_the_deck_is_read_as_engineering_shear[isotropic-elasticity]" time="0.002" /><testcase classname="tests.framework.test_a_verified_deck_drives_the_global_assembly" name="test_the_shear_step_of_the_deck_is_read_as_engineering_shear[j2_props]" time="0.002" /><testcase classname="tests.framework.test_a_verified_deck_drives_the_global_assembly" name="test_the_shear_step_of_the_deck_is_read_as_engineering_shear[neohookean_umat]" time="0.002" /><testcase classname="tests.framework.test_a_verified_deck_drives_the_global_assembly" name="test_the_shear_step_of_the_deck_is_read_as_engineering_shear[umat]" time="0.002" /><testcase classname="tests.framework.test_a_verified_deck_drives_the_global_assembly" name="test_the_shear_step_of_the_deck_is_read_as_engineering_shear[umat_biofilm_visco_phase2]" time="0.002" /><testcase classname="tests.framework.test_a_verified_deck_drives_the_global_assembly" name="test_the_shear_step_of_the_deck_is_read_as_engineering_shear[umat_elastic]" time="0.002" /><testcase classname="tests.framework.test_a_verified_deck_drives_the_global_assembly" name="test_the_shear_step_of_the_deck_is_read_as_engineering_shear[umat_iso_stretch]" time="0.002" /><testcase classname="tests.framework.test_a_verified_deck_drives_the_global_assembly" name="test_a_uniform_stress_over_the_mesh_integrates_to_its_surface_tractions" time="0.012" /><testcase classname="tests.framework.test_a_verified_deck_drives_the_global_assembly" name="test_a_stress_that_varies_in_space_pairs_with_the_point_it_came_from" time="0.019" /><testcase classname="tests.framework.test_a_verified_deck_drives_the_global_assembly" name="test_the_scatter_puts_each_element_where_the_map_says" time="0.013" /><testcase classname="tests.framework.test_a_verified_deck_drives_the_global_assembly" name="test_a_prescribed_face_takes_the_reaction_and_the_free_rows_go_to_zero" time="0.024" /><testcase classname="tests.framework.test_a_verified_deck_drives_the_global_assembly" name="test_the_fixtures_numbers_reach_the_assembly_unaltered" time="0.011" /><testcase classname="tests.framework.test_a_verified_umat_drives_the_assembler" name="test_every_fixture_declares_what_it_is" time="0.009" /><testcase classname="tests.framework.test_a_verified_umat_drives_the_assembler" name="test_a_fixture_of_another_shape_is_refused" time="0.001" /><testcase classname="tests.framework.test_a_verified_umat_drives_the_assembler" name="test_a_fixture_that_contradicts_its_own_tensor_size_is_refused" time="0.012" /><testcase classname="tests.framework.test_a_verified_umat_drives_the_assembler" name="test_the_conventions_the_fixture_states_hold_in_its_numbers" time="0.011" /><testcase classname="tests.framework.test_a_verified_umat_drives_the_assembler" name="test_the_internal_force_matches_an_independent_integration" time="0.016" /><testcase classname="tests.framework.test_a_verified_umat_drives_the_assembler" name="test_a_uniform_stress_leaves_no_net_force" time="0.015" /><testcase classname="tests.framework.test_a_verified_umat_drives_the_assembler" name="test_the_element_tangent_is_the_derivative_of_the_internal_force" time="0.277" /><testcase classname="tests.framework.test_a_verified_umat_drives_the_assembler" name="test_a_rigid_translation_produces_no_force" time="0.014" /><testcase classname="tests.framework.test_a_verified_umat_drives_the_assembler" name="test_a_verified_fixture_holds_only_at_stages_with_sufficient_evidence" time="0.794" /><testcase classname="tests.framework.test_a_verified_umat_drives_the_assembler" name="test_the_yield_increment_leaves_the_derivative_unestablished" time="0.110" /><testcase classname="tests.framework.test_a_verified_umat_drives_the_assembler" name="test_a_stress_that_is_not_a_number_is_blamed_on_the_umat" time="0.010" /><testcase classname="tests.framework.test_a_verified_umat_drives_the_assembler" name="test_a_converted_build_that_disagrees_is_blamed_on_the_transformation" time="0.010" /><testcase classname="tests.framework.test_a_verified_umat_drives_the_assembler" name="test_a_tangent_that_does_not_differentiate_its_stress_is_blamed_on_it" time="0.010" /><testcase classname="tests.framework.test_a_verified_umat_drives_the_assembler" name="test_an_assembly_that_disagrees_with_an_independent_one_is_blamed_on_it" time="0.016" /><testcase classname="tests.framework.test_a_verified_umat_drives_the_assembler" name="test_the_blame_stops_at_the_first_stage_that_fails" time="0.010" /><testcase classname="tests.framework.test_a_verified_umat_drives_the_assembler" name="test_every_stage_names_who_fixes_it" time="0.000" /><testcase classname="tests.framework.test_the_assembled_residual_derivative_is_differenced" name="test_the_small_strain_stiffness_is_the_derivative_of_the_small_strain_force" time="1.575" /><testcase classname="tests.framework.test_the_assembled_residual_derivative_is_differenced" name="test_the_agreement_is_a_plateau_and_not_one_lucky_step" time="0.241" /><testcase classname="tests.framework.test_the_assembled_residual_derivative_is_differenced" name="test_the_fixed_stress_jacobian_is_the_derivative_of_the_finite_strain_force" time="0.822" /><testcase classname="tests.framework.test_the_assembled_residual_derivative_is_differenced" name="test_the_finite_strain_derivative_holds_where_the_element_has_actually_moved" time="0.864" /><testcase classname="tests.framework.test_the_assembled_residual_derivative_is_differenced" name="test_the_geometric_term_is_not_the_fixed_stress_jacobian" time="0.055" /><testcase classname="tests.framework.test_the_assembled_residual_derivative_is_differenced" name="test_every_frozen_fixture_carries_a_completely_finite_history" time="0.012" /><testcase classname="tests.framework.test_the_assembled_residual_derivative_is_differenced" name="test_a_fixture_with_a_nan_in_it_is_refused_rather_than_loaded" time="0.011" /><testcase classname="tests.framework.test_the_assembled_residual_derivative_is_differenced" name="test_a_fixture_frozen_from_an_incomplete_run_is_refused" time="0.011" /><testcase classname="tests.framework.test_the_assembled_residual_derivative_is_differenced" name="test_a_fixture_with_no_finiteness_evidence_at_all_is_refused" time="0.011" /><testcase classname="tests.framework.test_the_assembled_residual_derivative_is_differenced" name="test_the_fixtures_come_from_more_than_one_author" time="0.019" /><testcase classname="tests.framework.test_the_assembled_residual_derivative_is_differenced" name="test_the_frozen_set_is_named_as_a_selection_rather_than_as_the_corpus" time="0.021" /><testcase classname="tests.framework.test_the_assembled_state_derivative_is_differenced" name="test_the_closed_form_state_derivative_is_the_derivative_of_the_stress" time="0.001" /><testcase classname="tests.framework.test_the_assembled_state_derivative_is_differenced" name="test_the_assembled_state_derivative_is_the_derivative_of_the_assembly" time="0.032" /><testcase classname="tests.framework.test_the_assembled_state_derivative_is_differenced" name="test_a_state_at_one_point_moves_that_point_and_no_other" time="0.001" /><testcase classname="tests.framework.test_the_assembled_state_derivative_is_differenced" name="test_a_state_derivative_shaped_like_a_parameter_is_refused" time="0.000" /><testcase classname="tests.framework.test_the_assembled_state_derivative_is_differenced" name="test_the_global_state_derivative_lands_only_on_the_element_that_owns_it" time="0.001" /><testcase classname="tests.framework.test_the_assembled_state_derivative_is_differenced" name="test_a_state_probe_turns_the_state_layer_from_unknown_into_a_verdict" time="0.212" /><testcase classname="tests.framework.test_the_assembled_state_derivative_is_differenced" name="test_a_wrong_state_derivative_is_blamed_on_the_state_layer" time="0.022" /><testcase classname="tests.framework.test_which_layer_the_failure_came_from" name="test_the_layers_include_parameter_sensitivity_and_element_jacobian" time="0.000" /><testcase classname="tests.framework.test_which_layer_the_failure_came_from" name="test_every_verdict_carries_the_numbers_it_was_reached_on" time="0.105" /><testcase classname="tests.framework.test_which_layer_the_failure_came_from" name="test_not_established_is_not_a_pass_and_says_so_in_the_report" time="0.106" /><testcase classname="tests.framework.test_which_layer_the_failure_came_from" name="test_the_whole_diagnosis_serialises_for_a_caller_that_is_not_a_person" time="0.106" /><testcase classname="tests.framework.test_which_layer_the_failure_came_from" name="test_a_fixture_from_an_older_transformation_is_refused_by_the_loader" time="0.002" /><testcase classname="tests.framework.test_which_layer_the_failure_came_from" name="test_a_fixture_with_no_fingerprint_at_all_is_refused" time="0.002" /><testcase classname="tests.framework.test_which_layer_the_failure_came_from" name="test_every_committed_fixture_carries_the_gates_the_pipeline_measured" time="0.010" /><testcase classname="tests.framework.test_which_layer_the_failure_came_from" name="test_the_tangent_reading_is_decided_by_the_numbers_and_not_by_nlgeom" time="0.019" /><testcase classname="tests.framework.test_which_layer_the_failure_came_from" name="test_an_isochoric_window_refuses_to_choose_a_reading" time="0.009" /><testcase classname="tests.framework.test_which_layer_the_failure_came_from" name="test_the_pipelines_own_gate_and_this_repositorys_layer_agree" time="0.010" /><testcase classname="tests.framework.test_which_layer_the_failure_came_from" name="test_a_shear_convention_in_the_tangent_is_blamed_on_the_mapping_layer" time="0.010" /><testcase classname="tests.framework.test_which_layer_the_failure_came_from" name="test_a_window_with_no_shear_leaves_the_shear_convention_unestablished" time="0.105" /><testcase classname="tests.framework.test_which_layer_the_failure_came_from" name="test_a_quadrature_that_does_not_integrate_is_blamed_on_the_element_layer" time="0.016" /><testcase classname="tests.framework.test_which_layer_the_failure_came_from" name="test_an_element_geometry_that_is_degenerate_is_blamed_on_the_element_layer" time="0.011" /><testcase classname="tests.framework.test_which_layer_the_failure_came_from" name="test_a_partition_that_leaks_is_blamed_on_the_boundary_layer" time="0.108" /><testcase classname="tests.framework.test_which_layer_the_failure_came_from" name="test_a_dof_map_with_a_collision_is_blamed_on_the_mapping_of_dofs" time="0.107" /><testcase classname="tests.framework.test_which_layer_the_failure_came_from" name="test_without_a_deck_the_last_two_layers_are_unknown_rather_than_clean" time="0.105" /><testcase classname="tests.framework.test_which_layer_the_failure_came_from" name="test_the_run_stops_at_the_first_layer_that_fails" time="0.010" /></testsuite></testsuites>