<?xml version="1.0" encoding="utf-8"?><testsuites name="pytest tests"><testsuite name="pytest" errors="0" failures="0" skipped="0" tests="21" time="2.892" timestamp="2026-09-18T12:05:43.402214-05:00" hostname="ammslab3-Precision-5820-Tower"><testcase classname="tests.contract.test_a_fixture_is_refused_at_the_wrong_fingerprint" name="test_a_matching_fingerprint_is_the_only_pass" time="0.000" /><testcase classname="tests.contract.test_a_fixture_is_refused_at_the_wrong_fingerprint" name="test_a_fixture_with_no_fingerprint_is_not_current_by_default" time="0.000" /><testcase classname="tests.contract.test_a_fixture_is_refused_at_the_wrong_fingerprint" name="test_require_current_refuses_not_established_as_well_as_stale" time="0.000" /><testcase classname="tests.contract.test_a_fixture_is_refused_at_the_wrong_fingerprint" name="test_the_generation_file_is_the_single_source_of_the_fingerprint" time="0.000" /><testcase classname="tests.contract.test_a_fixture_is_refused_at_the_wrong_fingerprint" name="test_some_fixtures_are_committed" time="0.000" /><testcase classname="tests.contract.test_a_fixture_is_refused_at_the_wrong_fingerprint" name="test_current_operational_fixtures_carry_independent_verification" time="0.220" /><testcase classname="tests.contract.test_a_fixture_is_refused_at_the_wrong_fingerprint" name="test_historical_archive_preserves_every_original_inventory_hash" time="0.003" /><testcase classname="tests.contract.test_a_fixture_is_refused_at_the_wrong_fingerprint" name="test_current_fixture_cli_uses_default_currency_and_real_references[isotropic-elasticity--f7eb90376a.json-1-2]" time="0.447" /><testcase classname="tests.contract.test_a_fixture_is_refused_at_the_wrong_fingerprint" name="test_current_fixture_cli_uses_default_currency_and_real_references[j2_props--2feae9f158.json-32-3]" time="1.900" /><testcase classname="tests.contract.test_a_fixture_is_refused_at_the_wrong_fingerprint" name="test_retired_pass12_fixtures_are_history_not_current_baselines" time="0.016" /><testcase classname="tests.contract.test_a_fixture_is_refused_at_the_wrong_fingerprint" name="test_a_two_x_fixture_validates_and_a_one_x_one_says_why_it_does_not" time="0.094" /><testcase classname="tests.contract.test_a_fixture_is_refused_at_the_wrong_fingerprint" name="test_every_committed_fixture_is_identified_by_path_and_digest" time="0.005" /><testcase classname="tests.contract.test_a_fixture_is_refused_at_the_wrong_fingerprint" name="test_every_committed_fixture_declares_the_transform_it_was_frozen_at" time="0.004" /><testcase classname="tests.contract.test_a_fixture_is_refused_at_the_wrong_fingerprint" name="test_every_committed_fixture_is_either_current_or_refused_by_name" time="0.005" /><testcase classname="tests.contract.test_a_fixture_is_refused_at_the_wrong_fingerprint" name="test_a_superseded_fixture_is_refused_even_when_everything_else_is_fine" time="0.001" /><testcase classname="tests.contract.test_a_fixture_is_refused_at_the_wrong_fingerprint" name="test_a_superseded_fixture_is_still_readable_as_history" time="0.006" /><testcase classname="tests.contract.test_a_fixture_is_refused_at_the_wrong_fingerprint" name="test_a_fixture_carrying_a_different_fingerprint_from_its_own_store_is_refused" time="0.001" /><testcase classname="tests.contract.test_a_fixture_is_refused_at_the_wrong_fingerprint" name="test_a_fixture_with_no_fingerprint_field_at_all_fails_the_schema" time="0.006" /><testcase classname="tests.contract.test_a_fixture_is_refused_at_the_wrong_fingerprint" name="test_a_fixture_identified_by_a_basename_fails_the_schema" time="0.006" /><testcase classname="tests.contract.test_a_fixture_is_refused_at_the_wrong_fingerprint" name="test_a_material_in_a_fixture_never_travels_without_provenance" time="0.084" /><testcase classname="tests.contract.test_a_fixture_is_refused_at_the_wrong_fingerprint" name="test_the_tensor_convention_is_stated_in_every_fixture" time="0.005" /></testsuite></testsuites>